c:\users\szef\source\repos\platformer_tonik\platformer_tonik\debug\platformer_tonik.pch
c:\users\szef\source\repos\platformer_tonik\platformer_tonik\debug\vc142.pdb
c:\users\szef\source\repos\platformer_tonik\platformer_tonik\debug\vc142.idb
c:\users\szef\source\repos\platformer_tonik\platformer_tonik\debug\stdafx.obj
c:\users\szef\source\repos\platformer_tonik\platformer_tonik\debug\tilemap.obj
c:\users\szef\source\repos\platformer_tonik\platformer_tonik\debug\tile.obj
c:\users\szef\source\repos\platformer_tonik\platformer_tonik\debug\state.obj
c:\users\szef\source\repos\platformer_tonik\platformer_tonik\debug\settingsstate.obj
c:\users\szef\source\repos\platformer_tonik\platformer_tonik\debug\player.obj
c:\users\szef\source\repos\platformer_tonik\platformer_tonik\debug\pausemenu.obj
c:\users\szef\source\repos\platformer_tonik\platformer_tonik\debug\movementcomponent.obj
c:\users\szef\source\repos\platformer_tonik\platformer_tonik\debug\mainmenustate.obj
c:\users\szef\source\repos\platformer_tonik\platformer_tonik\debug\main.obj
c:\users\szef\source\repos\platformer_tonik\platformer_tonik\debug\hitboxcomponent.obj
c:\users\szef\source\repos\platformer_tonik\platformer_tonik\debug\gamestate.obj
c:\users\szef\source\repos\platformer_tonik\platformer_tonik\debug\game.obj
c:\users\szef\source\repos\platformer_tonik\platformer_tonik\debug\entity.obj
c:\users\szef\source\repos\platformer_tonik\platformer_tonik\debug\editorstate.obj
c:\users\szef\source\repos\platformer_tonik\platformer_tonik\debug\gui.obj
c:\users\szef\source\repos\platformer_tonik\platformer_tonik\debug\graphicssettings.obj
c:\users\szef\source\repos\platformer_tonik\debug\platformer_tonik.exe
c:\users\szef\source\repos\platformer_tonik\debug\platformer_tonik.ilk
c:\users\szef\source\repos\platformer_tonik\debug\platformer_tonik.pdb
c:\users\szef\source\repos\platformer_tonik\platformer_tonik\debug\platformer_tonik.tlog\cl.command.1.tlog
c:\users\szef\source\repos\platformer_tonik\platformer_tonik\debug\platformer_tonik.tlog\cl.read.1.tlog
c:\users\szef\source\repos\platformer_tonik\platformer_tonik\debug\platformer_tonik.tlog\cl.write.1.tlog
c:\users\szef\source\repos\platformer_tonik\platformer_tonik\debug\platformer_tonik.tlog\link.command.1.tlog
c:\users\szef\source\repos\platformer_tonik\platformer_tonik\debug\platformer_tonik.tlog\link.read.1.tlog
c:\users\szef\source\repos\platformer_tonik\platformer_tonik\debug\platformer_tonik.tlog\link.write.1.tlog
