  stdafx.cpp
  GraphicsSettings.cpp
  Gui.cpp
C:\Users\ZALMAN\source\repos\platformer_tonik\.git\SzybciorPlusPlus\platformer_tonik\Gui.cpp(162,9): warning C4267: "argument": konwersja z "size_t" do "unsigned short", możliwa utrata danych
C:\Users\ZALMAN\source\repos\platformer_tonik\.git\SzybciorPlusPlus\platformer_tonik\Gui.cpp(271,121): warning C4244: "argument": konwersja z "T" do "T", możliwa utrata danych
          with
          [
              T=float
          ]
          and
          [
              T=int
          ]
C:\Users\ZALMAN\source\repos\platformer_tonik\.git\SzybciorPlusPlus\platformer_tonik\Gui.cpp(271,84): warning C4244: "argument": konwersja z "T" do "T", możliwa utrata danych
          with
          [
              T=float
          ]
          and
          [
              T=int
          ]
C:\Users\ZALMAN\source\repos\platformer_tonik\.git\SzybciorPlusPlus\platformer_tonik\Gui.cpp(276,121): warning C4244: "argument": konwersja z "T" do "T", możliwa utrata danych
          with
          [
              T=float
          ]
          and
          [
              T=int
          ]
C:\Users\ZALMAN\source\repos\platformer_tonik\.git\SzybciorPlusPlus\platformer_tonik\Gui.cpp(276,83): warning C4244: "argument": konwersja z "T" do "T", możliwa utrata danych
          with
          [
              T=float
          ]
          and
          [
              T=int
          ]
  EditorState.cpp
C:\Users\ZALMAN\source\repos\platformer_tonik\.git\SzybciorPlusPlus\platformer_tonik\EditorState.cpp(231,82): warning C4244: "argument": konwersja z "T" do "float", możliwa utrata danych
          with
          [
              T=unsigned int
          ]
C:\Users\ZALMAN\source\repos\platformer_tonik\.git\SzybciorPlusPlus\platformer_tonik\EditorState.cpp(231,55): warning C4244: "argument": konwersja z "T" do "float", możliwa utrata danych
          with
          [
              T=unsigned int
          ]
  Entity.cpp
  Game.cpp
C:\Users\ZALMAN\source\repos\platformer_tonik\.git\SzybciorPlusPlus\platformer_tonik\Game.cpp(118,15): warning C4101: "event": lokalna zmienna, do której nie istnieje odwołanie
  GameState.cpp
  HitboxComponent.cpp
  main.cpp
  MainMenuState.cpp
  MovementComponent.cpp
  PauseMenu.cpp
  Player.cpp
  SettingsState.cpp
  State.cpp
  Tile.cpp
  Tilemap.cpp
C:\Users\ZALMAN\source\repos\platformer_tonik\.git\SzybciorPlusPlus\platformer_tonik\Tilemap.cpp(261,23): warning C4018: ">": niezgodność typu ze znakiem/bez znaku
C:\Users\ZALMAN\source\repos\platformer_tonik\.git\SzybciorPlusPlus\platformer_tonik\Tilemap.cpp(267,21): warning C4018: ">": niezgodność typu ze znakiem/bez znaku
C:\Users\ZALMAN\source\repos\platformer_tonik\.git\SzybciorPlusPlus\platformer_tonik\Tilemap.cpp(273,23): warning C4018: ">": niezgodność typu ze znakiem/bez znaku
C:\Users\ZALMAN\source\repos\platformer_tonik\.git\SzybciorPlusPlus\platformer_tonik\Tilemap.cpp(279,21): warning C4018: ">": niezgodność typu ze znakiem/bez znaku
C:\Users\ZALMAN\source\repos\platformer_tonik\.git\SzybciorPlusPlus\platformer_tonik\Tilemap.cpp(282,33): warning C4018: "<": niezgodność typu ze znakiem/bez znaku
C:\Users\ZALMAN\source\repos\platformer_tonik\.git\SzybciorPlusPlus\platformer_tonik\Tilemap.cpp(284,34): warning C4018: "<": niezgodność typu ze znakiem/bez znaku
  Generowanie kodu...
C:\Users\ZALMAN\source\repos\platformer_tonik\.git\SzybciorPlusPlus\platformer_tonik\Entity.cpp(77): warning C4172: zwracanie adresu lokalnej zmiennej lub tymczasowej
  platformer_tonik.vcxproj -> C:\Users\ZALMAN\source\repos\platformer_tonik\.git\SzybciorPlusPlus\Debug\platformer_tonik.exe
