  EditorState.cpp
  Game.cpp
C:\Users\Szef\source\repos\platformer_tonik\platformer_tonik\GameState.h(16,13): error C3646: 'map': unknown override specifier
C:\Users\Szef\source\repos\platformer_tonik\platformer_tonik\GameState.h(16,13): error C4430: missing type specifier - int assumed. Note: C++ does not support default-int
  GameState.cpp
C:\Users\Szef\source\repos\platformer_tonik\platformer_tonik\GameState.h(16,13): error C3646: 'map': unknown override specifier
C:\Users\Szef\source\repos\platformer_tonik\platformer_tonik\GameState.h(16,13): error C4430: missing type specifier - int assumed. Note: C++ does not support default-int
  MainMenuState.cpp
C:\Users\Szef\source\repos\platformer_tonik\platformer_tonik\GameState.h(16,13): error C3646: 'map': unknown override specifier
C:\Users\Szef\source\repos\platformer_tonik\platformer_tonik\GameState.h(16,13): error C4430: missing type specifier - int assumed. Note: C++ does not support default-int
  Tilemap.cpp
  main.cpp
C:\Users\Szef\source\repos\platformer_tonik\platformer_tonik\GameState.h(16,13): error C3646: 'map': unknown override specifier
C:\Users\Szef\source\repos\platformer_tonik\platformer_tonik\GameState.h(16,13): error C4430: missing type specifier - int assumed. Note: C++ does not support default-int

Project Performance Summary:
     1282 ms  C:\Users\Szef\source\repos\platformer_tonik\platformer_tonik\platformer_tonik.vcxproj   1 calls
               1282 ms  Build                                      1 calls

Target Performance Summary:
        0 ms  BeforeBuildGenerateSources                 1 calls
        0 ms  BuildGenerateSourcesTraverse               1 calls
        0 ms  SelectClCompile                            1 calls
        0 ms  PreBuildEvent                              1 calls
        0 ms  _SelectedFiles                             1 calls
        0 ms  SelectCustomBuild                          1 calls
        0 ms  ComputeCustomBuildOutput                   1 calls
        0 ms  _Xsd                                       1 calls
        0 ms  BeforeClCompile                            1 calls
        0 ms  MakeDirsForMidl                            1 calls
        0 ms  AfterMidl                                  1 calls
        0 ms  _Midl                                      1 calls
        0 ms  AfterBuildGenerateSources                  1 calls
        0 ms  AfterBuildGenerateSourcesEvent             1 calls
        0 ms  _BuildGenerateSourcesAction                1 calls
        0 ms  BuildGenerateSources                       1 calls
        0 ms  BuildCompileTraverse                       1 calls
        0 ms  ComputeMIDLGeneratedCompileInputs          1 calls
        0 ms  AfterResolveReferences                     1 calls
        0 ms  ResolveReferences                          1 calls
        0 ms  ComputeCLInputPDBName                      1 calls
        0 ms  ResolveSDKReferences                       1 calls
        0 ms  _PrepareForBuild                           1 calls
        0 ms  SetCABuildNativeEnvironmentVariables       1 calls
        0 ms  _PrepareForReferenceResolution             1 calls
        0 ms  GetResolvedWinMD                           1 calls
        0 ms  GetReferenceAssemblyPaths                  1 calls
        0 ms  BeforeResolveReferences                    1 calls
        0 ms  ResolveAssemblyReferences                  1 calls
        0 ms  ResolveProjectReferences                   1 calls
        0 ms  PrepareProjectReferences                   1 calls
        0 ms  _SplitProjectReferencesByFileExistence     1 calls
        1 ms  SetBuildDefaultEnvironmentVariables        1 calls
        1 ms  _GetProjectReferenceTargetFrameworkProperties   1 calls
        1 ms  SetTelemetryEnvironmentVariables           1 calls
        1 ms  AssignProjectConfiguration                 1 calls
        1 ms  GetFrameworkPaths                          1 calls
        1 ms  CustomBuild                                1 calls
        1 ms  _CheckWindowsSDKInstalled                  1 calls
        1 ms  MakeDirsForCl                              1 calls
        1 ms  FixupCLCompileOptions                      1 calls
        1 ms  CopyFileToFolders                          1 calls
        1 ms  ExpandSDKReferences                        1 calls
        2 ms  _CheckForInvalidConfigurationAndPlatform   1 calls
        2 ms  InitializeBuildStatus                      1 calls
        2 ms  ComputeReferenceCLInput                    1 calls
        3 ms  WarnCompileDuplicatedFilename              1 calls
        4 ms  PrepareForBuild                            1 calls
     1257 ms  ClCompile                                  1 calls

Task Performance Summary:
        0 ms  Message                                    2 calls
        0 ms  CheckVCToolsetVersion                      1 calls
        0 ms  ReadLinesFromFile                          1 calls
        0 ms  WriteLinesToFile                           1 calls
        1 ms  MSBuild                                    1 calls
        1 ms  AssignProjectConfiguration                 1 calls
        1 ms  Touch                                      1 calls
        2 ms  SetEnv                                     8 calls
        2 ms  MakeDir                                    5 calls
        2 ms  GetOutOfDateItems                          3 calls
     1253 ms  CL                                         2 calls
